This file contains any messages produced by compilers while
running configure, to aid debugging if configure makes a mistake.

It was created by lfsr-generator configure 1.0.2, which was
generated by GNU Autoconf 2.61.  Invocation command line was

  $ ./configure 

## --------- ##
## Platform. ##
## --------- ##

hostname = laptopAndrzej
uname -m = x86_64
uname -r = 4.4.0-66-generic
uname -s = Linux
uname -v = #87-Ubuntu SMP Fri Mar 3 15:29:05 UTC 2017

/usr/bin/uname -p = unknown
/bin/uname -X     = unknown

/bin/arch              = unknown
/usr/bin/arch -k       = unknown
/usr/convex/getsysinfo = unknown
/usr/bin/hostinfo      = unknown
/bin/machine           = unknown
/usr/bin/oslevel       = unknown
/bin/universe          = unknown

PATH: /home/radegost/.rbenv/plugins/ruby-build/bin
PATH: /home/radegost/.rbenv/shims
PATH: /home/radegost/.rbenv/bin
PATH: /home/radegost/bin
PATH: /home/radegost/.local/bin
PATH: /usr/local/sbin
PATH: /usr/local/bin
PATH: /usr/sbin
PATH: /usr/bin
PATH: /sbin
PATH: /bin
PATH: /usr/games
PATH: /usr/local/games
PATH: /snap/bin
PATH: /usr/lib/jvm/java-8-oracle/bin
PATH: /usr/lib/jvm/java-8-oracle/db/bin
PATH: /usr/lib/jvm/java-8-oracle/jre/bin
PATH: /usr/local/ghdl/bin
PATH: /usr/local/android-studio/bin
PATH: /opt/eclipse/eclipse


## ----------- ##
## Core tests. ##
## ----------- ##

configure:1790: checking for a BSD-compatible install
configure:1846: result: /usr/bin/install -c
configure:1857: checking whether build environment is sane
configure:1900: result: yes
configure:1928: checking for a thread-safe mkdir -p
configure:1967: result: /bin/mkdir -p
configure:1980: checking for gawk
configure:2010: result: no
configure:1980: checking for mawk
configure:1996: found /usr/bin/mawk
configure:2007: result: mawk
configure:2018: checking whether make sets $(MAKE)
configure:2039: result: yes
configure:2230: checking whether to enable maintainer-specific portions of Makefiles
configure:2239: result: no
configure:2302: checking for gcc
configure:2318: found /usr/bin/gcc
configure:2329: result: gcc
configure:2567: checking for C compiler version
configure:2574: gcc --version >&5
gcc (Ubuntu 5.4.0-6ubuntu1~16.04.4) 5.4.0 20160609
Copyright (C) 2015 Free Software Foundation, Inc.
This is free software; see the source for copying conditions.  There is NO
warranty; not even for MERCHANTABILITY or FITNESS FOR A PARTICULAR PURPOSE.

configure:2577: $? = 0
configure:2584: gcc -v >&5
Using built-in specs.
COLLECT_GCC=gcc
COLLECT_LTO_WRAPPER=/usr/lib/gcc/x86_64-linux-gnu/5/lto-wrapper
Target: x86_64-linux-gnu
Configured with: ../src/configure -v --with-pkgversion='Ubuntu 5.4.0-6ubuntu1~16.04.4' --with-bugurl=file:///usr/share/doc/gcc-5/README.Bugs --enable-languages=c,ada,c++,java,go,d,fortran,objc,obj-c++ --prefix=/usr --program-suffix=-5 --enable-shared --enable-linker-build-id --libexecdir=/usr/lib --without-included-gettext --enable-threads=posix --libdir=/usr/lib --enable-nls --with-sysroot=/ --enable-clocale=gnu --enable-libstdcxx-debug --enable-libstdcxx-time=yes --with-default-libstdcxx-abi=new --enable-gnu-unique-object --disable-vtable-verify --enable-libmpx --enable-plugin --with-system-zlib --disable-browser-plugin --enable-java-awt=gtk --enable-gtk-cairo --with-java-home=/usr/lib/jvm/java-1.5.0-gcj-5-amd64/jre --enable-java-home --with-jvm-root-dir=/usr/lib/jvm/java-1.5.0-gcj-5-amd64 --with-jvm-jar-dir=/usr/lib/jvm-exports/java-1.5.0-gcj-5-amd64 --with-arch-directory=amd64 --with-ecj-jar=/usr/share/java/eclipse-ecj.jar --enable-objc-gc --enable-multiarch --disable-werror --with-arch-32=i686 --with-abi=m64 --with-multilib-list=m32,m64,mx32 --enable-multilib --with-tune=generic --enable-checking=release --build=x86_64-linux-gnu --host=x86_64-linux-gnu --target=x86_64-linux-gnu
Thread model: posix
gcc version 5.4.0 20160609 (Ubuntu 5.4.0-6ubuntu1~16.04.4) 
configure:2587: $? = 0
configure:2594: gcc -V >&5
gcc: error: unrecognized command line option '-V'
gcc: fatal error: no input files
compilation terminated.
configure:2597: $? = 1
configure:2620: checking for C compiler default output file name
configure:2647: gcc    conftest.c  >&5
configure:2650: $? = 0
configure:2688: result: a.out
configure:2705: checking whether the C compiler works
configure:2715: ./a.out
configure:2718: $? = 0
configure:2735: result: yes
configure:2742: checking whether we are cross compiling
configure:2744: result: no
configure:2747: checking for suffix of executables
configure:2754: gcc -o conftest    conftest.c  >&5
configure:2757: $? = 0
configure:2781: result: 
configure:2787: checking for suffix of object files
configure:2813: gcc -c   conftest.c >&5
configure:2816: $? = 0
configure:2839: result: o
configure:2843: checking whether we are using the GNU C compiler
configure:2872: gcc -c   conftest.c >&5
configure:2878: $? = 0
configure:2895: result: yes
configure:2900: checking whether gcc accepts -g
configure:2930: gcc -c -g  conftest.c >&5
configure:2936: $? = 0
configure:3035: result: yes
configure:3052: checking for gcc option to accept ISO C89
configure:3126: gcc  -c -g -O2  conftest.c >&5
configure:3132: $? = 0
configure:3155: result: none needed
configure:3184: checking for style of include used by make
configure:3212: result: GNU
configure:3237: checking dependency style of gcc
configure:3328: result: gcc3
configure:3401: checking for g++
configure:3417: found /usr/bin/g++
configure:3428: result: g++
configure:3459: checking for C++ compiler version
configure:3466: g++ --version >&5
g++ (Ubuntu 5.4.0-6ubuntu1~16.04.4) 5.4.0 20160609
Copyright (C) 2015 Free Software Foundation, Inc.
This is free software; see the source for copying conditions.  There is NO
warranty; not even for MERCHANTABILITY or FITNESS FOR A PARTICULAR PURPOSE.

configure:3469: $? = 0
configure:3476: g++ -v >&5
Using built-in specs.
COLLECT_GCC=g++
COLLECT_LTO_WRAPPER=/usr/lib/gcc/x86_64-linux-gnu/5/lto-wrapper
Target: x86_64-linux-gnu
Configured with: ../src/configure -v --with-pkgversion='Ubuntu 5.4.0-6ubuntu1~16.04.4' --with-bugurl=file:///usr/share/doc/gcc-5/README.Bugs --enable-languages=c,ada,c++,java,go,d,fortran,objc,obj-c++ --prefix=/usr --program-suffix=-5 --enable-shared --enable-linker-build-id --libexecdir=/usr/lib --without-included-gettext --enable-threads=posix --libdir=/usr/lib --enable-nls --with-sysroot=/ --enable-clocale=gnu --enable-libstdcxx-debug --enable-libstdcxx-time=yes --with-default-libstdcxx-abi=new --enable-gnu-unique-object --disable-vtable-verify --enable-libmpx --enable-plugin --with-system-zlib --disable-browser-plugin --enable-java-awt=gtk --enable-gtk-cairo --with-java-home=/usr/lib/jvm/java-1.5.0-gcj-5-amd64/jre --enable-java-home --with-jvm-root-dir=/usr/lib/jvm/java-1.5.0-gcj-5-amd64 --with-jvm-jar-dir=/usr/lib/jvm-exports/java-1.5.0-gcj-5-amd64 --with-arch-directory=amd64 --with-ecj-jar=/usr/share/java/eclipse-ecj.jar --enable-objc-gc --enable-multiarch --disable-werror --with-arch-32=i686 --with-abi=m64 --with-multilib-list=m32,m64,mx32 --enable-multilib --with-tune=generic --enable-checking=release --build=x86_64-linux-gnu --host=x86_64-linux-gnu --target=x86_64-linux-gnu
Thread model: posix
gcc version 5.4.0 20160609 (Ubuntu 5.4.0-6ubuntu1~16.04.4) 
configure:3479: $? = 0
configure:3486: g++ -V >&5
g++: error: unrecognized command line option '-V'
g++: fatal error: no input files
compilation terminated.
configure:3489: $? = 1
configure:3492: checking whether we are using the GNU C++ compiler
configure:3521: g++ -c   conftest.cpp >&5
configure:3527: $? = 0
configure:3544: result: yes
configure:3549: checking whether g++ accepts -g
configure:3579: g++ -c -g  conftest.cpp >&5
configure:3585: $? = 0
configure:3684: result: yes
configure:3709: checking dependency style of g++
configure:3800: result: gcc3
configure:3817: checking for perl
configure:3835: found /usr/bin/perl
configure:3849: result: /usr/bin/perl
configure:3859: checking for g++
configure:3875: found /usr/bin/g++
configure:3887: result: yes
configure:3911: checking how to run the C preprocessor
configure:3951: gcc -E  conftest.c
configure:3957: $? = 0
configure:3988: gcc -E  conftest.c
conftest.c:10:28: fatal error: ac_nonexistent.h: No such file or directory
compilation terminated.
configure:3994: $? = 1
configure: failed program was:
| /* confdefs.h.  */
| #define PACKAGE_NAME "lfsr-generator"
| #define PACKAGE_TARNAME "lfsr-generator"
| #define PACKAGE_VERSION "1.0.2"
| #define PACKAGE_STRING "lfsr-generator 1.0.2"
| #define PACKAGE_BUGREPORT ""
| #define PACKAGE "lfsr-generator"
| #define VERSION "1.0.2"
| /* end confdefs.h.  */
| #include <ac_nonexistent.h>
configure:4027: result: gcc -E
configure:4056: gcc -E  conftest.c
configure:4062: $? = 0
configure:4093: gcc -E  conftest.c
conftest.c:10:28: fatal error: ac_nonexistent.h: No such file or directory
compilation terminated.
configure:4099: $? = 1
configure: failed program was:
| /* confdefs.h.  */
| #define PACKAGE_NAME "lfsr-generator"
| #define PACKAGE_TARNAME "lfsr-generator"
| #define PACKAGE_VERSION "1.0.2"
| #define PACKAGE_STRING "lfsr-generator 1.0.2"
| #define PACKAGE_BUGREPORT ""
| #define PACKAGE "lfsr-generator"
| #define VERSION "1.0.2"
| /* end confdefs.h.  */
| #include <ac_nonexistent.h>
configure:4137: checking for grep that handles long lines and -e
configure:4211: result: /bin/grep
configure:4216: checking for egrep
configure:4294: result: /bin/grep -E
configure:4299: checking for ANSI C header files
configure:4329: gcc -c -g -O2  conftest.c >&5
configure:4335: $? = 0
configure:4434: gcc -o conftest -g -O2   conftest.c  >&5
configure:4437: $? = 0
configure:4443: ./conftest
configure:4446: $? = 0
configure:4463: result: yes
configure:4487: checking for sys/types.h
configure:4508: gcc -c -g -O2  conftest.c >&5
configure:4514: $? = 0
configure:4530: result: yes
configure:4487: checking for sys/stat.h
configure:4508: gcc -c -g -O2  conftest.c >&5
configure:4514: $? = 0
configure:4530: result: yes
configure:4487: checking for stdlib.h
configure:4508: gcc -c -g -O2  conftest.c >&5
configure:4514: $? = 0
configure:4530: result: yes
configure:4487: checking for string.h
configure:4508: gcc -c -g -O2  conftest.c >&5
configure:4514: $? = 0
configure:4530: result: yes
configure:4487: checking for memory.h
configure:4508: gcc -c -g -O2  conftest.c >&5
configure:4514: $? = 0
configure:4530: result: yes
configure:4487: checking for strings.h
configure:4508: gcc -c -g -O2  conftest.c >&5
configure:4514: $? = 0
configure:4530: result: yes
configure:4487: checking for inttypes.h
configure:4508: gcc -c -g -O2  conftest.c >&5
configure:4514: $? = 0
configure:4530: result: yes
configure:4487: checking for stdint.h
configure:4508: gcc -c -g -O2  conftest.c >&5
configure:4514: $? = 0
configure:4530: result: yes
configure:4487: checking for unistd.h
configure:4508: gcc -c -g -O2  conftest.c >&5
configure:4514: $? = 0
configure:4530: result: yes
configure:4542: checking for long
configure:4572: gcc -c -g -O2  conftest.c >&5
configure:4578: $? = 0
configure:4593: result: yes
configure:4600: checking size of long
configure:4902: gcc -o conftest -g -O2   conftest.c  >&5
configure:4905: $? = 0
configure:4911: ./conftest
configure:4914: $? = 0
configure:4937: result: 8
configure:5096: creating ./config.status

## ---------------------- ##
## Running config.status. ##
## ---------------------- ##

This file was extended by lfsr-generator config.status 1.0.2, which was
generated by GNU Autoconf 2.61.  Invocation command line was

  CONFIG_FILES    = 
  CONFIG_HEADERS  = 
  CONFIG_LINKS    = 
  CONFIG_COMMANDS = 
  $ ./config.status 

on laptopAndrzej

config.status:655: creating Makefile
config.status:655: creating build-aux/Makefile
config.status:655: creating src/Makefile
config.status:655: creating src/lfsr-generator
config.status:655: creating src/test-engine
config.status:655: creating src/fibonacci-singleshift-test
config.status:655: creating src/fibonacci-multishift-test
config.status:655: creating src/galois-test
config.status:655: creating build-aux/config.h
config.status:928: executing depfiles commands

## ---------------- ##
## Cache variables. ##
## ---------------- ##

ac_cv_c_compiler_gnu=yes
ac_cv_cxx_compiler_gnu=yes
ac_cv_env_CCC_set=
ac_cv_env_CCC_value=
ac_cv_env_CC_set=
ac_cv_env_CC_value=
ac_cv_env_CFLAGS_set=
ac_cv_env_CFLAGS_value=
ac_cv_env_CPPFLAGS_set=
ac_cv_env_CPPFLAGS_value=
ac_cv_env_CPP_set=
ac_cv_env_CPP_value=
ac_cv_env_CXXFLAGS_set=
ac_cv_env_CXXFLAGS_value=
ac_cv_env_CXX_set=
ac_cv_env_CXX_value=
ac_cv_env_LDFLAGS_set=
ac_cv_env_LDFLAGS_value=
ac_cv_env_LIBS_set=
ac_cv_env_LIBS_value=
ac_cv_env_build_alias_set=
ac_cv_env_build_alias_value=
ac_cv_env_host_alias_set=
ac_cv_env_host_alias_value=
ac_cv_env_target_alias_set=
ac_cv_env_target_alias_value=
ac_cv_header_inttypes_h=yes
ac_cv_header_memory_h=yes
ac_cv_header_stdc=yes
ac_cv_header_stdint_h=yes
ac_cv_header_stdlib_h=yes
ac_cv_header_string_h=yes
ac_cv_header_strings_h=yes
ac_cv_header_sys_stat_h=yes
ac_cv_header_sys_types_h=yes
ac_cv_header_unistd_h=yes
ac_cv_objext=o
ac_cv_path_EGREP='/bin/grep -E'
ac_cv_path_GREP=/bin/grep
ac_cv_path_PERL=/usr/bin/perl
ac_cv_path_install='/usr/bin/install -c'
ac_cv_path_mkdir=/bin/mkdir
ac_cv_prog_AWK=mawk
ac_cv_prog_CPP='gcc -E'
ac_cv_prog_CXX_AVAILABLE=yes
ac_cv_prog_ac_ct_CC=gcc
ac_cv_prog_ac_ct_CXX=g++
ac_cv_prog_cc_c89=
ac_cv_prog_cc_g=yes
ac_cv_prog_cxx_g=yes
ac_cv_prog_make_make_set=yes
ac_cv_sizeof_long=8
ac_cv_type_long=yes
am_cv_CC_dependencies_compiler_type=gcc3
am_cv_CXX_dependencies_compiler_type=gcc3

## ----------------- ##
## Output variables. ##
## ----------------- ##

ACLOCAL='${SHELL} /home/radegost/wbudowane/lab3/lfsr-generator-1.0.2/build-aux/missing --run aclocal-1.10'
AMDEPBACKSLASH='\'
AMDEP_FALSE='#'
AMDEP_TRUE=''
AMTAR='${SHELL} /home/radegost/wbudowane/lab3/lfsr-generator-1.0.2/build-aux/missing --run tar'
AUTOCONF='${SHELL} /home/radegost/wbudowane/lab3/lfsr-generator-1.0.2/build-aux/missing --run autoconf'
AUTOHEADER='${SHELL} /home/radegost/wbudowane/lab3/lfsr-generator-1.0.2/build-aux/missing --run autoheader'
AUTOMAKE='${SHELL} /home/radegost/wbudowane/lab3/lfsr-generator-1.0.2/build-aux/missing --run automake-1.10'
AWK='mawk'
CC='gcc'
CCDEPMODE='depmode=gcc3'
CFLAGS='-g -O2'
CPP='gcc -E'
CPPFLAGS=''
CXX='g++'
CXXDEPMODE='depmode=gcc3'
CXXFLAGS='-g -O2'
CXX_AVAILABLE='yes'
CXX_AVAILABLE_FALSE='#'
CXX_AVAILABLE_TRUE=''
CYGPATH_W='echo'
DEFS='-DHAVE_CONFIG_H'
DEPDIR='.deps'
ECHO_C=''
ECHO_N='-n'
ECHO_T=''
EGREP='/bin/grep -E'
EXEEXT=''
GREP='/bin/grep'
INSTALL_DATA='${INSTALL} -m 644'
INSTALL_PROGRAM='${INSTALL}'
INSTALL_SCRIPT='${INSTALL}'
INSTALL_STRIP_PROGRAM='$(install_sh) -c -s'
LDFLAGS=''
LIBOBJS=''
LIBS=''
LTLIBOBJS=''
MAINT='#'
MAINTAINER_MODE_FALSE=''
MAINTAINER_MODE_TRUE='#'
MAKEINFO='${SHELL} /home/radegost/wbudowane/lab3/lfsr-generator-1.0.2/build-aux/missing --run makeinfo'
OBJEXT='o'
PACKAGE='lfsr-generator'
PACKAGE_BUGREPORT=''
PACKAGE_NAME='lfsr-generator'
PACKAGE_STRING='lfsr-generator 1.0.2'
PACKAGE_TARNAME='lfsr-generator'
PACKAGE_VERSION='1.0.2'
PATH_SEPARATOR=':'
PERL='/usr/bin/perl'
SET_MAKE=''
SHELL='/bin/bash'
STRIP=''
VERSION='1.0.2'
ac_ct_CC='gcc'
ac_ct_CXX='g++'
am__fastdepCC_FALSE='#'
am__fastdepCC_TRUE=''
am__fastdepCXX_FALSE='#'
am__fastdepCXX_TRUE=''
am__include='include'
am__isrc=''
am__leading_dot='.'
am__quote=''
am__tar='${AMTAR} chof - "$$tardir"'
am__untar='${AMTAR} xf -'
bindir='${exec_prefix}/bin'
build_alias=''
datadir='${datarootdir}'
datarootdir='${prefix}/share'
docdir='${datarootdir}/doc/${PACKAGE_TARNAME}'
dvidir='${docdir}'
exec_prefix='${prefix}'
host_alias=''
htmldir='${docdir}'
includedir='${prefix}/include'
infodir='${datarootdir}/info'
install_sh='$(SHELL) /home/radegost/wbudowane/lab3/lfsr-generator-1.0.2/build-aux/install-sh'
libdir='${exec_prefix}/lib'
libexecdir='${exec_prefix}/libexec'
localedir='${datarootdir}/locale'
localstatedir='${prefix}/var'
mandir='${datarootdir}/man'
mkdir_p='/bin/mkdir -p'
oldincludedir='/usr/include'
pdfdir='${docdir}'
prefix='/usr/local'
program_transform_name='s,x,x,'
psdir='${docdir}'
sbindir='${exec_prefix}/sbin'
sharedstatedir='${prefix}/com'
sysconfdir='${prefix}/etc'
target_alias=''

## ----------- ##
## confdefs.h. ##
## ----------- ##

#define PACKAGE_NAME "lfsr-generator"
#define PACKAGE_TARNAME "lfsr-generator"
#define PACKAGE_VERSION "1.0.2"
#define PACKAGE_STRING "lfsr-generator 1.0.2"
#define PACKAGE_BUGREPORT ""
#define PACKAGE "lfsr-generator"
#define VERSION "1.0.2"
#define STDC_HEADERS 1
#define HAVE_SYS_TYPES_H 1
#define HAVE_SYS_STAT_H 1
#define HAVE_STDLIB_H 1
#define HAVE_STRING_H 1
#define HAVE_MEMORY_H 1
#define HAVE_STRINGS_H 1
#define HAVE_INTTYPES_H 1
#define HAVE_STDINT_H 1
#define HAVE_UNISTD_H 1
#define SIZEOF_LONG 8

configure: exit 0
